<?xml version="1.0" encoding="UTF-8"?>
<testsuite xmlns:xsi="http://www.w3.org/2001/XMLSchema-instance"
           xsi:noNamespaceSchemaLocation="https://maven.apache.org/surefire/maven-surefire-plugin/xsd/surefire-test-report.xsd"
           name="com.scwvg.ScwvgEureka7602ApplicationTests" time="0.54" tests="1" errors="1" skipped="0" failures="0">
    <properties>
[...]
</properties>
    <testcase name="initializationError" classname="com.scwvg.ScwvgEureka7602ApplicationTests" time="0.016">
        <error message="Found multiple @SpringBootConfiguration annotated classes [Generic bean: class [com.scwvg.ScwvgEureka7602Application]; scope=; abstract=false; lazyInit=false; autowireMode=0; dependencyCheck=0; autowireCandidate=true; primary=false; factoryBeanName=null; factoryMethodName=null; initMethodName=null; destroyMethodName=null; defined in file [D:\IdeaProjects\scwvg\scwvg-eureka-7603\target\classes\com\scwvg\ScwvgEureka7602Application.class], Generic bean: class [com.scwvg.ScwvgEureka7603Application]; scope=; abstract=false; lazyInit=false; autowireMode=0; dependencyCheck=0; autowireCandidate=true; primary=false; factoryBeanName=null; factoryMethodName=null; initMethodName=null; destroyMethodName=null; defined in file [D:\IdeaProjects\scwvg\scwvg-eureka-7603\target\classes\com\scwvg\ScwvgEureka7603Application.class]]"
               type="java.lang.IllegalStateException">java.lang.IllegalStateException: Found multiple
            @SpringBootConfiguration annotated classes [Generic bean: class [com.scwvg.ScwvgEureka7602Application];
            scope=; abstract=false; lazyInit=false; autowireMode=0; dependencyCheck=0; autowireCandidate=true;
            primary=false; factoryBeanName=null; factoryMethodName=null; initMethodName=null; destroyMethodName=null;
            defined in file
            [D:\IdeaProjects\scwvg\scwvg-eureka-7603\target\classes\com\scwvg\ScwvgEureka7602Application.class], Generic
            bean: class [com.scwvg.ScwvgEureka7603Application]; scope=; abstract=false; lazyInit=false; autowireMode=0;
            dependencyCheck=0; autowireCandidate=true; primary=false; factoryBeanName=null; factoryMethodName=null;
            initMethodName=null; destroyMethodName=null; defined in file
            [D:\IdeaProjects\scwvg\scwvg-eureka-7603\target\classes\com\scwvg\ScwvgEureka7603Application.class]]
        </error>
        <system-out><![CDATA[10:54:44.753 [main] DEBUG org.springframework.test.context.junit4.SpringJUnit4ClassRunner - SpringJUnit4ClassRunner constructor called with [class com.scwvg.ScwvgEureka7602ApplicationTests]
10:54:44.763 [main] DEBUG org.springframework.test.context.BootstrapUtils - Instantiating CacheAwareContextLoaderDelegate from class [org.springframework.test.context.cache.DefaultCacheAwareContextLoaderDelegate]
10:54:44.773 [main] DEBUG org.springframework.test.context.BootstrapUtils - Instantiating BootstrapContext using constructor [public org.springframework.test.context.support.DefaultBootstrapContext(java.lang.Class,org.springframework.test.context.CacheAwareContextLoaderDelegate)]
10:54:44.803 [main] DEBUG org.springframework.test.context.BootstrapUtils - Instantiating TestContextBootstrapper for test class [com.scwvg.ScwvgEureka7602ApplicationTests] from class [org.springframework.boot.test.context.SpringBootTestContextBootstrapper]
10:54:44.823 [main] INFO org.springframework.boot.test.context.SpringBootTestContextBootstrapper - Neither @ContextConfiguration nor @ContextHierarchy found for test class [com.scwvg.ScwvgEureka7602ApplicationTests], using SpringBootContextLoader
10:54:44.833 [main] DEBUG org.springframework.test.context.support.AbstractContextLoader - Did not detect default resource location for test class [com.scwvg.ScwvgEureka7602ApplicationTests]: class path resource [com/scwvg/ScwvgEureka7602ApplicationTests-context.xml] does not exist
10:54:44.833 [main] DEBUG org.springframework.test.context.support.AbstractContextLoader - Did not detect default resource location for test class [com.scwvg.ScwvgEureka7602ApplicationTests]: class path resource [com/scwvg/ScwvgEureka7602ApplicationTestsContext.groovy] does not exist
10:54:44.833 [main] INFO org.springframework.test.context.support.AbstractContextLoader - Could not detect default resource locations for test class [com.scwvg.ScwvgEureka7602ApplicationTests]: no resource found for suffixes {-context.xml, Context.groovy}.
10:54:44.833 [main] INFO org.springframework.test.context.support.AnnotationConfigContextLoaderUtils - Could not detect default configuration classes for test class [com.scwvg.ScwvgEureka7602ApplicationTests]: ScwvgEureka7602ApplicationTests does not declare any static, non-private, non-final, nested classes annotated with @Configuration.
10:54:44.930 [main] DEBUG org.springframework.test.context.support.ActiveProfilesUtils - Could not find an 'annotation declaring class' for annotation type [org.springframework.test.context.ActiveProfiles] and class [com.scwvg.ScwvgEureka7602ApplicationTests]
10:54:45.095 [main] DEBUG org.springframework.context.annotation.ClassPathScanningCandidateComponentProvider - Identified candidate component class: file [D:\IdeaProjects\scwvg\scwvg-eureka-7603\target\classes\com\scwvg\ScwvgEureka7602Application.class]
10:54:45.104 [main] DEBUG org.springframework.context.annotation.ClassPathScanningCandidateComponentProvider - Identified candidate component class: file [D:\IdeaProjects\scwvg\scwvg-eureka-7603\target\classes\com\scwvg\ScwvgEureka7603Application.class]
]]></system-out>
    </testcase>
</testsuite>